[2019-10-30T18:38:42+08:00][error] [0]数据库配置未定义:mysql[F:\qifuyunCloud\TP6-xiao\vendor\topthink\think-orm\src\DbManager.php:278]
[2019-10-30T18:38:42+08:00][error] [0]Return value of think\App::getBeginTime() must be of the type float, null returned[F:\qifuyunCloud\TP6-xiao\vendor\topthink\framework\src\think\App.php:385]
[2019-10-30T18:40:06+08:00][error] [0]Return value of think\App::getBeginTime() must be of the type float, null returned[F:\qifuyunCloud\TP6-xiao\vendor\topthink\framework\src\think\App.php:385]
[2019-10-30T18:42:00+08:00][error] [0]数据库配置未定义:mysql[F:\qifuyunCloud\TP6-xiao\vendor\topthink\think-orm\src\DbManager.php:278]
[2019-10-30T18:42:00+08:00][error] [0]Return value of think\App::getBeginTime() must be of the type float, null returned[F:\qifuyunCloud\TP6-xiao\vendor\topthink\framework\src\think\App.php:385]
[2019-10-30T18:43:12+08:00][error] [0]数据库配置未定义:mysql[F:\qifuyunCloud\TP6-xiao\vendor\topthink\think-orm\src\DbManager.php:278]
[2019-10-30T18:44:15+08:00][error] [0]数据库配置未定义:mysql[F:\qifuyunCloud\TP6-xiao\vendor\topthink\think-orm\src\DbManager.php:278]
[2019-10-30T18:46:42+08:00][error] [0]数据库配置未定义:mysql[F:\qifuyunCloud\TP6-xiao\vendor\topthink\think-orm\src\DbManager.php:278]
[2019-10-30T18:49:20+08:00][error] [0]数据库配置未定义:mysql[F:\qifuyunCloud\TP6-xiao\vendor\topthink\think-orm\src\DbManager.php:278]
[2019-10-30T18:49:53+08:00][error] [0]数据库配置未定义:mysql[F:\qifuyunCloud\TP6-xiao\vendor\topthink\think-orm\src\DbManager.php:278]
[2019-10-30T18:51:43+08:00][error] [0]数据库配置未定义:mysql[F:\qifuyunCloud\TP6-xiao\vendor\topthink\think-orm\src\DbManager.php:278]
[2019-10-30T18:52:04+08:00][error] [0]数据库配置未定义:mysql[F:\qifuyunCloud\TP6-xiao\vendor\topthink\think-orm\src\DbManager.php:278]
[2019-10-30T18:52:40+08:00][error] [0]数据库配置未定义:mysql[F:\qifuyunCloud\TP6-xiao\vendor\topthink\think-orm\src\DbManager.php:278]
[2019-10-30T18:53:21+08:00][error] [0]数据库配置未定义:mysql[F:\qifuyunCloud\TP6-xiao\vendor\topthink\think-orm\src\DbManager.php:278]
[2019-10-30T18:54:12+08:00][error] [0]数据库配置未定义:mysql[F:\qifuyunCloud\TP6-xiao\vendor\topthink\think-orm\src\DbManager.php:278]
[2019-10-30T18:55:27+08:00][error] [0]数据库配置未定义:mysql[F:\qifuyunCloud\TP6-xiao\vendor\topthink\think-orm\src\DbManager.php:278]
[2019-10-30T18:55:29+08:00][error] [0]数据库配置未定义:mysql[F:\qifuyunCloud\TP6-xiao\vendor\topthink\think-orm\src\DbManager.php:278]
[2019-10-30T18:55:54+08:00][sql] CONNECT:[ UseTime:0.132000s ] mysql:host=47.105.33.201;port=3306;dbname=fashinel;charset=utf8
[2019-10-30T18:55:54+08:00][sql] SHOW FULL COLUMNS FROM `user` [ RunTime:0.047000s ]
[2019-10-30T18:55:54+08:00][sql] SELECT * FROM `user` WHERE  `id` = 1 LIMIT 1 [ RunTime:0.048000s ]
[2019-10-30T18:56:20+08:00][sql] CONNECT:[ UseTime:0.066000s ] mysql:host=47.105.33.201;port=3306;dbname=fashinel;charset=utf8
[2019-10-30T18:56:20+08:00][sql] SHOW FULL COLUMNS FROM `user` [ RunTime:0.045000s ]
[2019-10-30T18:56:20+08:00][sql] SELECT * FROM `user` WHERE  `id` = 1 LIMIT 1 [ RunTime:0.046000s ]
[2019-10-30T18:58:31+08:00][error] [0]数据库配置未定义:mysql[F:\qifuyunCloud\TP6-xiao\vendor\topthink\think-orm\src\DbManager.php:278]
[2019-10-30T18:59:10+08:00][error] [0]数据库配置未定义:mysql[F:\qifuyunCloud\TP6-xiao\vendor\topthink\think-orm\src\DbManager.php:278]
[2019-10-30T18:59:39+08:00][error] [0]数据库配置未定义:mysql[F:\qifuyunCloud\TP6-xiao\vendor\topthink\think-orm\src\DbManager.php:278]
[2019-10-30T18:59:40+08:00][error] [0]数据库配置未定义:mysql[F:\qifuyunCloud\TP6-xiao\vendor\topthink\think-orm\src\DbManager.php:278]
[2019-10-30T19:00:03+08:00][sql] CONNECT:[ UseTime:0.069000s ] mysql:host=47.105.33.201;port=3306;dbname=fashinel;charset=utf8
[2019-10-30T19:00:03+08:00][sql] SHOW FULL COLUMNS FROM `user` [ RunTime:0.041000s ]
[2019-10-30T19:00:03+08:00][sql] SELECT * FROM `user` WHERE  `id` = 1 LIMIT 1 [ RunTime:0.044000s ]
[2019-10-30T19:00:39+08:00][error] [0]Too few arguments to function app\biz\BaseService::__construct(), 0 passed in F:\qifuyunCloud\TP6-xiao\app\biz\common\ServiceKernel.php on line 87 and exactly 1 expected[F:\qifuyunCloud\TP6-xiao\app\biz\BaseService.php:16]
[2019-10-30T19:01:36+08:00][sql] CONNECT:[ UseTime:0.082000s ] mysql:host=47.105.33.201;port=3306;dbname=fashinel;charset=utf8
[2019-10-30T19:01:36+08:00][sql] SHOW FULL COLUMNS FROM `user` [ RunTime:0.055000s ]
[2019-10-30T19:01:36+08:00][sql] SELECT * FROM `user` WHERE  `id` = 1 LIMIT 1 [ RunTime:0.056000s ]
[2019-10-30T19:01:54+08:00][sql] CONNECT:[ UseTime:0.068000s ] mysql:host=47.105.33.201;port=3306;dbname=fashinel;charset=utf8
[2019-10-30T19:01:54+08:00][sql] SHOW FULL COLUMNS FROM `user` [ RunTime:0.046000s ]
[2019-10-30T19:01:54+08:00][sql] SELECT * FROM `user` WHERE  `id` = 1 LIMIT 1 [ RunTime:0.050000s ]
[2019-10-30T19:02:03+08:00][sql] CONNECT:[ UseTime:0.080000s ] mysql:host=47.105.33.201;port=3306;dbname=fashinel;charset=utf8
[2019-10-30T19:02:03+08:00][sql] SHOW FULL COLUMNS FROM `user` [ RunTime:0.054000s ]
[2019-10-30T19:02:03+08:00][sql] SELECT * FROM `user` WHERE  `id` = 1 LIMIT 1 [ RunTime:0.055000s ]
